CRITICAL - 2023-05-22 13:30:36 --> Undefined array key "photo"
in APPPATH\Views\product\index.php on line 31.
 1 APPPATH\Views\product\index.php(31): CodeIgniter\Debug\Exceptions->errorHandler(2, 'Undefined array key "photo"', 'C:\\xampp\\htdocs\\belajarci\\app\\Views\\product\\index.php', 31)
 2 SYSTEMPATH\View\View.php(213): include('C:\\xampp\\htdocs\\belajarci\\app\\Views\\product\\index.php')
 3 SYSTEMPATH\View\View.php(216): CodeIgniter\View\View->CodeIgniter\View\{closure}()
 4 SYSTEMPATH\Common.php(1184): CodeIgniter\View\View->render('product/index', [], true)
 5 APPPATH\Controllers\Product.php(28): view('product/index', [...])
 6 SYSTEMPATH\CodeIgniter.php(934): App\Controllers\Product->index()
 7 SYSTEMPATH\CodeIgniter.php(499): CodeIgniter\CodeIgniter->runController(Object(App\Controllers\Product))
 8 SYSTEMPATH\CodeIgniter.php(368): CodeIgniter\CodeIgniter->handleRequest(null, Object(Config\Cache), false)
 9 FCPATH\index.php(67): CodeIgniter\CodeIgniter->run()
10 SYSTEMPATH\Commands\Server\rewrite.php(47): require_once('C:\\xampp\\htdocs\\belajarci\\public\\index.php')
CRITICAL - 2023-05-22 13:31:33 --> Undefined array key "photo"
in APPPATH\Views\product\index.php on line 31.
 1 APPPATH\Views\product\index.php(31): CodeIgniter\Debug\Exceptions->errorHandler(2, 'Undefined array key "photo"', 'C:\\xampp\\htdocs\\belajarci\\app\\Views\\product\\index.php', 31)
 2 SYSTEMPATH\View\View.php(213): include('C:\\xampp\\htdocs\\belajarci\\app\\Views\\product\\index.php')
 3 SYSTEMPATH\View\View.php(216): CodeIgniter\View\View->CodeIgniter\View\{closure}()
 4 SYSTEMPATH\Common.php(1184): CodeIgniter\View\View->render('product/index', [], true)
 5 APPPATH\Controllers\Product.php(28): view('product/index', [...])
 6 SYSTEMPATH\CodeIgniter.php(934): App\Controllers\Product->index()
 7 SYSTEMPATH\CodeIgniter.php(499): CodeIgniter\CodeIgniter->runController(Object(App\Controllers\Product))
 8 SYSTEMPATH\CodeIgniter.php(368): CodeIgniter\CodeIgniter->handleRequest(null, Object(Config\Cache), false)
 9 FCPATH\index.php(67): CodeIgniter\CodeIgniter->run()
10 SYSTEMPATH\Commands\Server\rewrite.php(47): require_once('C:\\xampp\\htdocs\\belajarci\\public\\index.php')
